#
# A fatal error has been detected by the Java Runtime Environment:
#
#  EXCEPTION_ACCESS_VIOLATION (0xc0000005) at pc=0x0000000057c37e46, pid=2276, tid=0x0000000000003754
#
# JRE version: OpenJDK Runtime Environment (8.0_152-b01) (build 1.8.0_152-release-915-b01)
# Java VM: OpenJDK 64-Bit Server VM (25.152-b01 mixed mode windows-amd64 compressed oops)
# Problematic frame:
# V  [jvm.dll+0x7e46]
#
# Failed to write core dump. Minidumps are not enabled by default on client versions of Windows
#
# If you would like to submit a bug report, please visit:
#   http://bugreport.java.com/bugreport/crash.jsp
#

---------------  T H R E A D  ---------------

Current thread (0x0000000018272800):  JavaThread "C2 CompilerThread0" daemon [_thread_in_vm, id=14164, stack(0x0000000018a30000,0x0000000018b30000)]

siginfo: ExceptionCode=0xc0000005, reading address 0xffffffffcb56e0d4

Registers:
RAX=0xffffffffcab3ffd9, RBX=0xcab3ffd8cab3ffd8, RCX=0xffffffffcab3ffdd, RDX=0x00000000cab3ffd9
RSP=0x0000000018b2c478, RBP=0x0000000020a9e7a0, RSI=0x0000000020b57ea0, RDI=0x0000000018b2c4d0
R8 =0x0000000000000002, R9 =0x00000000a086e160, R10=0x00000000238087e0, R11=0x00000000258a88e0
R12=0x0000000023e6c9c0, R13=0x0000000018b2c680, R14=0x0000000018272800, R15=0x0000000018b2c680
RIP=0x0000000057c37e46, EFLAGS=0x0000000000010202

Top of Stack: (sp=0x0000000018b2c478)
0x0000000018b2c478:   0000000057d06d89 000000001a5281b0
0x0000000018b2c488:   00000001000000b7 00000000258aa810
0x0000000018b2c498:   0000000020a9e7a0 0000000018b2c510
0x0000000018b2c4a8:   0000000057d00f5e 0000000000000024
0x0000000018b2c4b8:   0000000018b2c510 00000000000000b7
0x0000000018b2c4c8:   0000000018b2f460 0000000020a9e7a0
0x0000000018b2c4d8:   0000000018272800 00000000025b9a80
0x0000000018b2c4e8:   0000000057c52f00 0000000020a9e7a0
0x0000000018b2c4f8:   0000000018272800 0000000020a9e7a0
0x0000000018b2c508:   0000000023e6c501 0000000020a9e7a0
0x0000000018b2c518:   0000000018272800 00000000238085b0
0x0000000018b2c528:   000000001a5281b0 0000000023e6c820
0x0000000018b2c538:   0000000018272800 00000000258aa810
0x0000000018b2c548:   0000000057c537f2 0000000020a9e7a0
0x0000000018b2c558:   0000000020a9e7a0 0000000000000000
0x0000000018b2c568:   0000000018272800 00000000258aa810 

Instructions: (pc=0x0000000057c37e46)
0x0000000057c37e26:   86 1a 7b 00 00 0f 45 c1 83 c0 0b 4c 63 c0 48 63
0x0000000057c37e36:   c2 49 83 e0 f8 49 c1 e8 03 49 63 c8 48 8d 0c 48
0x0000000057c37e46:   41 8b 04 89 85 c0 75 03 33 c0 c3 8b 0d f1 27 75
0x0000000057c37e56:   00 48 d3 e0 48 03 05 df 27 75 00 c3 80 3d 48 1a 


Register to memory mapping:

RAX=0xffffffffcab3ffd9 is an unknown value
RBX=0xcab3ffd8cab3ffd8 is an unknown value
RCX=0xffffffffcab3ffdd is an unknown value
RDX=0x00000000cab3ffd9 is an unallocated location in the heap
RSP=0x0000000018b2c478 is pointing into the stack for thread: 0x0000000018272800
RBP=0x0000000020a9e7a0 is pointing into metadata
RSI=0x0000000020b57ea0 is pointing into metadata
RDI=0x0000000018b2c4d0 is pointing into the stack for thread: 0x0000000018272800
R8 =0x0000000000000002 is an unknown value
R9 =0x00000000a086e160 is an oop
[Ljava.lang.Object; 
 - klass: 'java/lang/Object'[]
 - length: 1
R10=0x00000000238087e0 is an unknown value
R11=0x00000000258a88e0 is an unknown value
R12=0x0000000023e6c9c0 is an unknown value
R13=0x0000000018b2c680 is pointing into the stack for thread: 0x0000000018272800
R14=0x0000000018272800 is a thread
R15=0x0000000018b2c680 is pointing into the stack for thread: 0x0000000018272800


Stack: [0x0000000018a30000,0x0000000018b30000],  sp=0x0000000018b2c478,  free space=1009k
Native frames: (J=compiled Java code, j=interpreted, Vv=VM code, C=native code)
V  [jvm.dll+0x7e46]


Current CompileTask:
C2:20206344 25704       4       com.sun.org.apache.xerces.internal.impl.XMLDocumentScannerImpl::scanDoctypeDecl (330 bytes)


---------------  P R O C E S S  ---------------

Java Threads: ( => current thread )
  0x000000001d336800 JavaThread "Cache worker for Artifact transforms cache (C:\Users\ASUS\.gradle\caches\transforms-1)" [_thread_blocked, id=15664, stack(0x0000000048860000,0x0000000048960000)]
  0x000000001d333000 JavaThread "Cache worker for file hash cache (D:\AuctionApp\.gradle\4.1\fileHashes)" [_thread_blocked, id=15392, stack(0x0000000048760000,0x0000000048860000)]
  0x000000001d335000 JavaThread "Stdin handler" [_thread_blocked, id=13336, stack(0x0000000048660000,0x0000000048760000)]
  0x000000001d16b800 JavaThread "Asynchronous log dispatcher for DefaultDaemonConnection: socket connection from /127.0.0.1:2248 to /127.0.0.1:1371" [_thread_blocked, id=8220, stack(0x0000000048560000,0x0000000048660000)]
  0x000000001d171800 JavaThread "Cancel handler" [_thread_blocked, id=15616, stack(0x0000000048460000,0x0000000048560000)]
  0x000000001d170000 JavaThread "Handler for socket connection from /127.0.0.1:2248 to /127.0.0.1:1371" [_thread_in_native, id=6424, stack(0x0000000048360000,0x0000000048460000)]
  0x0000000023aa5000 JavaThread "ForkJoinPool.commonPool-worker-5" daemon [_thread_blocked, id=15996, stack(0x0000000046460000,0x0000000046560000)]
  0x0000000023aa5800 JavaThread "ForkJoinPool.commonPool-worker-3" daemon [_thread_blocked, id=12532, stack(0x0000000046260000,0x0000000046360000)]
  0x0000000023aa8000 JavaThread "RMI TCP Connection(idle)" daemon [_thread_blocked, id=15728, stack(0x0000000046060000,0x0000000046160000)]
  0x0000000023aa3800 JavaThread "RMI TCP Connection(idle)" daemon [_thread_blocked, id=13680, stack(0x0000000045f60000,0x0000000046060000)]
  0x000000001d33c800 JavaThread "RMI TCP Connection(idle)" daemon [_thread_blocked, id=6636, stack(0x0000000045e60000,0x0000000045f60000)]
  0x00000000185f9000 JavaThread "Daemon worker Thread 26" [_thread_in_Java, id=10904, stack(0x0000000044760000,0x0000000044860000)]
  0x00000000185fc000 JavaThread "Daemon Thread 26" [_thread_blocked, id=14132, stack(0x0000000044460000,0x0000000044560000)]
  0x0000000023aa4000 JavaThread "RMI TCP Connection(idle)" daemon [_thread_blocked, id=2684, stack(0x0000000040560000,0x0000000040660000)]
  0x000000001d171000 JavaThread "RMI Reaper" [_thread_blocked, id=14892, stack(0x000000005b250000,0x000000005b350000)]
  0x000000001d16a800 JavaThread "RMI TCP Accept-0" daemon [_thread_in_native, id=7476, stack(0x000000005b150000,0x000000005b250000)]
  0x0000000018607000 JavaThread "GC Daemon" daemon [_thread_blocked, id=7524, stack(0x000000005ae50000,0x000000005af50000)]
  0x0000000018606000 JavaThread "RMI RenewClean-[localhost:17074,org.jetbrains.kotlin.daemon.common.LoopbackNetworkInterface$ClientLoopbackSocketFactory@50472b0e]" daemon [_thread_blocked, id=11800, stack(0x000000005ad50000,0x000000005ae50000)]
  0x00000000185fe000 JavaThread "RMI Scheduler(0)" daemon [_thread_blocked, id=11868, stack(0x000000005ac50000,0x000000005ad50000)]
  0x00000000185ff800 JavaThread "Memory manager" [_thread_blocked, id=892, stack(0x0000000021e50000,0x0000000021f50000)]
  0x00000000185f7800 JavaThread "pool-1-thread-1" [_thread_blocked, id=1136, stack(0x0000000021950000,0x0000000021a50000)]
  0x000000001a7b6800 JavaThread "File lock request listener" [_thread_in_native, id=15268, stack(0x000000001cc50000,0x000000001cd50000)]
  0x000000001aab2000 JavaThread "Cache worker for file hash cache (C:\Users\ASUS\.gradle\caches\4.1\fileHashes)" [_thread_blocked, id=12096, stack(0x000000001c950000,0x000000001ca50000)]
  0x000000001a229800 JavaThread "Daemon periodic checks" [_thread_blocked, id=6052, stack(0x000000001bf50000,0x000000001c050000)]
  0x0000000019c7d800 JavaThread "Incoming local TCP Connector on port 2248" [_thread_in_native, id=9412, stack(0x000000001bd10000,0x000000001be10000)]
  0x00000000182ed000 JavaThread "Service Thread" daemon [_thread_blocked, id=5496, stack(0x0000000018e30000,0x0000000018f30000)]
  0x00000000182c3000 JavaThread "C1 CompilerThread3" daemon [_thread_blocked, id=9884, stack(0x0000000018d30000,0x0000000018e30000)]
  0x000000001827c000 JavaThread "C2 CompilerThread2" daemon [_thread_in_native, id=8412, stack(0x0000000018c30000,0x0000000018d30000)]
  0x0000000018274800 JavaThread "C2 CompilerThread1" daemon [_thread_blocked, id=8704, stack(0x0000000018b30000,0x0000000018c30000)]
=>0x0000000018272800 JavaThread "C2 CompilerThread0" daemon [_thread_in_vm, id=14164, stack(0x0000000018a30000,0x0000000018b30000)]
  0x0000000018272000 JavaThread "Attach Listener" daemon [_thread_blocked, id=8616, stack(0x0000000018930000,0x0000000018a30000)]
  0x0000000018271000 JavaThread "Signal Dispatcher" daemon [_thread_blocked, id=13616, stack(0x0000000018830000,0x0000000018930000)]
  0x0000000018260800 JavaThread "Finalizer" daemon [_thread_blocked, id=13028, stack(0x0000000018640000,0x0000000018740000)]
  0x000000001637b800 JavaThread "Reference Handler" daemon [_thread_blocked, id=9940, stack(0x0000000018140000,0x0000000018240000)]
  0x0000000000b3e800 JavaThread "main" [_thread_blocked, id=12496, stack(0x00000000023c0000,0x00000000024c0000)]

Other Threads:
  0x0000000016375000 VMThread [stack: 0x0000000018040000,0x0000000018140000] [id=972]
  0x00000000182ed800 WatcherThread [stack: 0x0000000018f30000,0x0000000019030000] [id=10132]

VM state:not at safepoint (normal execution)

VM Mutex/Monitor currently owned by a thread: None

Heap:
 PSYoungGen      total 243712K, used 118869K [0x00000000e0000000, 0x00000000f2300000, 0x0000000100000000)
  eden space 231424K, 46% used [0x00000000e0000000,0x00000000e685ad98,0x00000000ee200000)
  from space 12288K, 97% used [0x00000000eeb00000,0x00000000ef6ba8e0,0x00000000ef700000)
  to   space 33280K, 0% used [0x00000000f0280000,0x00000000f0280000,0x00000000f2300000)
 ParOldGen       total 261120K, used 64668K [0x00000000a0000000, 0x00000000aff00000, 0x00000000e0000000)
  object space 261120K, 24% used [0x00000000a0000000,0x00000000a3f273f8,0x00000000aff00000)
 Metaspace       used 90751K, capacity 100742K, committed 100824K, reserved 1136640K
  class space    used 11773K, capacity 14036K, committed 14080K, reserved 1048576K

Card table byte_map: [0x0000000011980000,0x0000000011c90000] byte_map_base: 0x0000000011480000

Marking Bits: (ParMarkBitMap*) 0x00000000583f3950
 Begin Bits: [0x0000000012690000, 0x0000000013e90000)
 End Bits:   [0x0000000013e90000, 0x0000000015690000)

Polling page: 0x00000000005e0000

CodeCache: size=245760Kb used=70562Kb max_used=70590Kb free=175197Kb
 bounds [0x00000000025c0000, 0x0000000006b40000, 0x00000000115c0000]
 total_blobs=20377 nmethods=19478 adapters=811
 compilation: enabled

Compilation events (10 events):
Event: 20204.556 Thread 0x00000000182c3000 25702       3       org.gradle.model.internal.inspect.ModelRuleExtractor$DefaultExtractedRuleSource::apply (66 bytes)
Event: 20204.557 Thread 0x00000000182c3000 nmethod 25702 0x00000000054a6a50 code [0x00000000054a6c40, 0x00000000054a7588]
Event: 20204.574 Thread 0x00000000182c3000 25703       1       com.google.common.reflect.TypeToken::getType (5 bytes)
Event: 20204.575 Thread 0x00000000182c3000 nmethod 25703 0x000000000479b290 code [0x000000000479b3e0, 0x000000000479b4f0]
Event: 20204.577 Thread 0x00000000182c3000 25701       1       org.gradle.groovy.scripts.BasicScript::getStandardOutputCapture (5 bytes)
Event: 20204.577 Thread 0x00000000182c3000 nmethod 25701 0x0000000002a01b90 code [0x0000000002a01ce0, 0x0000000002a01df0]
Event: 20204.594 Thread 0x0000000018272800 25704       4       com.sun.org.apache.xerces.internal.impl.XMLDocumentScannerImpl::scanDoctypeDecl (330 bytes)
Event: 20204.594 Thread 0x000000001827c000 25705       4       com.sun.org.apache.xerces.internal.dom.DocumentTypeImpl::setReadOnly (45 bytes)
Event: 20204.600 Thread 0x000000001827c000 nmethod 25705 0x00000000057afb10 code [0x00000000057afce0, 0x00000000057b0370]
Event: 20204.620 Thread 0x000000001827c000 25706   !   4       com.sun.org.apache.xerces.internal.impl.XMLDocumentScannerImpl$XMLDeclDriver::next (268 bytes)

GC Heap History (10 events):
Event: 19402.858 GC heap before
{Heap before GC invocations=55 (full 6):
 PSYoungGen      total 308736K, used 290966K [0x00000000e0000000, 0x00000000f6580000, 0x0000000100000000)
  eden space 281088K, 100% used [0x00000000e0000000,0x00000000f1280000,0x00000000f1280000)
  from space 27648K, 35% used [0x00000000f4a80000,0x00000000f54259c8,0x00000000f6580000)
  to   space 42496K, 0% used [0x00000000f1280000,0x00000000f1280000,0x00000000f3c00000)
 ParOldGen       total 261120K, used 64628K [0x00000000a0000000, 0x00000000aff00000, 0x00000000e0000000)
  object space 261120K, 24% used [0x00000000a0000000,0x00000000a3f1d3f8,0x00000000aff00000)
 Metaspace       used 89848K, capacity 99104K, committed 99160K, reserved 1134592K
  class space    used 11643K, capacity 13679K, committed 13696K, reserved 1048576K
Event: 19402.869 GC heap after
Heap after GC invocations=55 (full 6):
 PSYoungGen      total 291328K, used 20647K [0x00000000e0000000, 0x00000000f5b00000, 0x0000000100000000)
  eden space 270336K, 0% used [0x00000000e0000000,0x00000000e0000000,0x00000000f0800000)
  from space 20992K, 98% used [0x00000000f1280000,0x00000000f26a9da8,0x00000000f2700000)
  to   space 42496K, 0% used [0x00000000f3180000,0x00000000f3180000,0x00000000f5b00000)
 ParOldGen       total 261120K, used 64636K [0x00000000a0000000, 0x00000000aff00000, 0x00000000e0000000)
  object space 261120K, 24% used [0x00000000a0000000,0x00000000a3f1f3f8,0x00000000aff00000)
 Metaspace       used 89848K, capacity 99104K, committed 99160K, reserved 1134592K
  class space    used 11643K, capacity 13679K, committed 13696K, reserved 1048576K
}
Event: 19495.057 GC heap before
{Heap before GC invocations=56 (full 6):
 PSYoungGen      total 291328K, used 290503K [0x00000000e0000000, 0x00000000f5b00000, 0x0000000100000000)
  eden space 270336K, 99% used [0x00000000e0000000,0x00000000f0787fc0,0x00000000f0800000)
  from space 20992K, 98% used [0x00000000f1280000,0x00000000f26a9da8,0x00000000f2700000)
  to   space 42496K, 0% used [0x00000000f3180000,0x00000000f3180000,0x00000000f5b00000)
 ParOldGen       total 261120K, used 64636K [0x00000000a0000000, 0x00000000aff00000, 0x00000000e0000000)
  object space 261120K, 24% used [0x00000000a0000000,0x00000000a3f1f3f8,0x00000000aff00000)
 Metaspace       used 89963K, capacity 99310K, committed 99544K, reserved 1134592K
  class space    used 11655K, capacity 13721K, committed 13824K, reserved 1048576K
Event: 19495.070 GC heap after
Heap after GC invocations=56 (full 6):
 PSYoungGen      total 287232K, used 13627K [0x00000000e0000000, 0x00000000f4c00000, 0x0000000100000000)
  eden space 260096K, 0% used [0x00000000e0000000,0x00000000e0000000,0x00000000efe00000)
  from space 27136K, 50% used [0x00000000f3180000,0x00000000f3ecedf0,0x00000000f4c00000)
  to   space 39936K, 0% used [0x00000000efe00000,0x00000000efe00000,0x00000000f2500000)
 ParOldGen       total 261120K, used 64644K [0x00000000a0000000, 0x00000000aff00000, 0x00000000e0000000)
  object space 261120K, 24% used [0x00000000a0000000,0x00000000a3f213f8,0x00000000aff00000)
 Metaspace       used 89963K, capacity 99310K, committed 99544K, reserved 1134592K
  class space    used 11655K, capacity 13721K, committed 13824K, reserved 1048576K
}
Event: 19756.997 GC heap before
{Heap before GC invocations=57 (full 6):
 PSYoungGen      total 287232K, used 273723K [0x00000000e0000000, 0x00000000f4c00000, 0x0000000100000000)
  eden space 260096K, 100% used [0x00000000e0000000,0x00000000efe00000,0x00000000efe00000)
  from space 27136K, 50% used [0x00000000f3180000,0x00000000f3ecedf0,0x00000000f4c00000)
  to   space 39936K, 0% used [0x00000000efe00000,0x00000000efe00000,0x00000000f2500000)
 ParOldGen       total 261120K, used 64644K [0x00000000a0000000, 0x00000000aff00000, 0x00000000e0000000)
  object space 261120K, 24% used [0x00000000a0000000,0x00000000a3f213f8,0x00000000aff00000)
 Metaspace       used 90163K, capacity 99676K, committed 99800K, reserved 1134592K
  class space    used 11683K, capacity 13810K, committed 13824K, reserved 1048576K
Event: 19757.005 GC heap after
Heap after GC invocations=57 (full 6):
 PSYoungGen      total 260096K, used 9651K [0x00000000e0000000, 0x00000000f3e80000, 0x0000000100000000)
  eden space 250368K, 0% used [0x00000000e0000000,0x00000000e0000000,0x00000000ef480000)
  from space 9728K, 99% used [0x00000000efe00000,0x00000000f076cd58,0x00000000f0780000)
  to   space 37888K, 0% used [0x00000000f1980000,0x00000000f1980000,0x00000000f3e80000)
 ParOldGen       total 261120K, used 64652K [0x00000000a0000000, 0x00000000aff00000, 0x00000000e0000000)
  object space 261120K, 24% used [0x00000000a0000000,0x00000000a3f233f8,0x00000000aff00000)
 Metaspace       used 90163K, capacity 99676K, committed 99800K, reserved 1134592K
  class space    used 11683K, capacity 13810K, committed 13824K, reserved 1048576K
}
Event: 20062.376 GC heap before
{Heap before GC invocations=58 (full 6):
 PSYoungGen      total 260096K, used 260019K [0x00000000e0000000, 0x00000000f3e80000, 0x0000000100000000)
  eden space 250368K, 100% used [0x00000000e0000000,0x00000000ef480000,0x00000000ef480000)
  from space 9728K, 99% used [0x00000000efe00000,0x00000000f076cd58,0x00000000f0780000)
  to   space 37888K, 0% used [0x00000000f1980000,0x00000000f1980000,0x00000000f3e80000)
 ParOldGen       total 261120K, used 64652K [0x00000000a0000000, 0x00000000aff00000, 0x00000000e0000000)
  object space 261120K, 24% used [0x00000000a0000000,0x00000000a3f233f8,0x00000000aff00000)
 Metaspace       used 90302K, capacity 99866K, committed 100184K, reserved 1136640K
  class space    used 11700K, capacity 13861K, committed 13952K, reserved 1048576K
Event: 20062.385 GC heap after
Heap after GC invocations=58 (full 6):
 PSYoungGen      total 264704K, used 11339K [0x00000000e0000000, 0x00000000f3100000, 0x0000000100000000)
  eden space 240640K, 0% used [0x00000000e0000000,0x00000000e0000000,0x00000000eeb00000)
  from space 24064K, 47% used [0x00000000f1980000,0x00000000f2492c18,0x00000000f3100000)
  to   space 35840K, 0% used [0x00000000eeb00000,0x00000000eeb00000,0x00000000f0e00000)
 ParOldGen       total 261120K, used 64660K [0x00000000a0000000, 0x00000000aff00000, 0x00000000e0000000)
  object space 261120K, 24% used [0x00000000a0000000,0x00000000a3f253f8,0x00000000aff00000)
 Metaspace       used 90302K, capacity 99866K, committed 100184K, reserved 1136640K
  class space    used 11700K, capacity 13861K, committed 13952K, reserved 1048576K
}
Event: 20150.116 GC heap before
{Heap before GC invocations=59 (full 6):
 PSYoungGen      total 264704K, used 251979K [0x00000000e0000000, 0x00000000f3100000, 0x0000000100000000)
  eden space 240640K, 100% used [0x00000000e0000000,0x00000000eeb00000,0x00000000eeb00000)
  from space 24064K, 47% used [0x00000000f1980000,0x00000000f2492c18,0x00000000f3100000)
  to   space 35840K, 0% used [0x00000000eeb00000,0x00000000eeb00000,0x00000000f0e00000)
 ParOldGen       total 261120K, used 64660K [0x00000000a0000000, 0x00000000aff00000, 0x00000000e0000000)
  object space 261120K, 24% used [0x00000000a0000000,0x00000000a3f253f8,0x00000000aff00000)
 Metaspace       used 90696K, capacity 100616K, committed 100824K, reserved 1136640K
  class space    used 11761K, capacity 13995K, committed 14080K, reserved 1048576K
Event: 20150.125 GC heap after
Heap after GC invocations=59 (full 6):
 PSYoungGen      total 243712K, used 12010K [0x00000000e0000000, 0x00000000f2300000, 0x0000000100000000)
  eden space 231424K, 0% used [0x00000000e0000000,0x00000000e0000000,0x00000000ee200000)
  from space 12288K, 97% used [0x00000000eeb00000,0x00000000ef6ba8e0,0x00000000ef700000)
  to   space 33280K, 0% used [0x00000000f0280000,0x00000000f0280000,0x00000000f2300000)
 ParOldGen       total 261120K, used 64668K [0x00000000a0000000, 0x00000000aff00000, 0x00000000e0000000)
  object space 261120K, 24% used [0x00000000a0000000,0x00000000a3f273f8,0x00000000aff00000)
 Metaspace       used 90696K, capacity 100616K, committed 100824K, reserved 1136640K
  class space    used 11761K, capacity 13995K, committed 14080K, reserved 1048576K
}

Deoptimization events (10 events):
Event: 19033.371 Thread 0x000000001d341000 Uncommon trap: reason=array_check action=maybe_recompile pc=0x0000000004a384f8 method=com.google.common.collect.ImmutableSortedMap.fromEntries(Ljava/util/Comparator;ZI[Ljava/util/Map$Entry;)Lcom/google/common/collect/ImmutableSortedMap; @ 35
Event: 19033.372 Thread 0x000000001d341000 Uncommon trap: reason=array_check action=maybe_recompile pc=0x0000000004a384f8 method=com.google.common.collect.ImmutableSortedMap.fromEntries(Ljava/util/Comparator;ZI[Ljava/util/Map$Entry;)Lcom/google/common/collect/ImmutableSortedMap; @ 35
Event: 19033.372 Thread 0x000000001d341000 Uncommon trap: reason=array_check action=maybe_recompile pc=0x0000000004a384f8 method=com.google.common.collect.ImmutableSortedMap.fromEntries(Ljava/util/Comparator;ZI[Ljava/util/Map$Entry;)Lcom/google/common/collect/ImmutableSortedMap; @ 35
Event: 19333.540 Thread 0x000000001d789800 Uncommon trap: reason=unstable_if action=reinterpret pc=0x0000000004a57e20 method=java.io.File.toPath()Ljava/nio/file/Path; @ 19
Event: 19756.876 Thread 0x000000001d335000 Uncommon trap: reason=null_check action=make_not_entrant pc=0x000000000697ec68 method=org.gradle.api.internal.project.taskfactory.InputPropertyAnnotationHandler.attachActions(Lorg/gradle/api/internal/project/taskfactory/TaskPropertyActionContext;)V @ 26
Event: 19756.910 Thread 0x000000001d335000 Uncommon trap: reason=null_check action=make_not_entrant pc=0x0000000004ff02d8 method=org.gradle.api.internal.project.taskfactory.InputPropertyAnnotationHandler.attachActions(Lorg/gradle/api/internal/project/taskfactory/TaskPropertyActionContext;)V @ 36
Event: 19756.992 Thread 0x000000001d340800 Uncommon trap: reason=unstable_if action=reinterpret pc=0x00000000033dbf6c method=com.google.common.cache.LongAdder.add(J)V @ 95
Event: 19759.690 Thread 0x000000001d784800 Uncommon trap: reason=unstable_if action=reinterpret pc=0x00000000066d68e8 method=com.google.common.util.concurrent.AbstractFuture.get()Ljava/lang/Object; @ 84
Event: 20148.070 Thread 0x00000000185f9000 Uncommon trap: reason=unstable_if action=reinterpret pc=0x00000000061c9280 method=com.google.common.collect.MapMakerInternalMap$Segment.postReadCleanup()V @ 10
Event: 20148.238 Thread 0x00000000185f9000 Uncommon trap: reason=null_check action=make_not_entrant pc=0x00000000058f6e74 method=com.sun.org.apache.xerces.internal.parsers.AbstractDOMParser.xmlDecl(Ljava/lang/String;Ljava/lang/String;Ljava/lang/String;Lcom/sun/org/apache/xerces/internal/xni/Augmen

Classes redefined (0 events):
No events

Internal exceptions (10 events):
Event: 20063.144 Thread 0x0000000023aa8000 Exception <a 'sun/nio/fs/WindowsException'> (0x00000000e6354ef0) thrown at [D:\src\AOSP-openjdk-cygwin\jdk8u\hotspot\src\share\vm\prims\jni.cpp, line 709]
Event: 20092.512 Thread 0x00000000185f7800 Exception <a 'sun/nio/fs/WindowsException'> (0x00000000e6597020) thrown at [D:\src\AOSP-openjdk-cygwin\jdk8u\hotspot\src\share\vm\prims\jni.cpp, line 709]
Event: 20148.069 Thread 0x00000000185f9000 Exception <a 'java/lang/ClassNotFoundException': sync_local_repo1665_9hnh3y71g4a6i0gzbwfiqk1rfBeanInfo> (0x00000000e68f5bb0) thrown at [D:\src\AOSP-openjdk-cygwin\jdk8u\hotspot\src\share\vm\classfile\systemDictionary.cpp, line 210]
Event: 20148.069 Thread 0x00000000185f9000 Exception <a 'java/lang/ClassNotFoundException': sync_local_repo1665_9hnh3y71g4a6i0gzbwfiqk1rfCustomizer> (0x00000000e6900408) thrown at [D:\src\AOSP-openjdk-cygwin\jdk8u\hotspot\src\share\vm\classfile\systemDictionary.cpp, line 210]
Event: 20148.304 Thread 0x00000000185f9000 Exception <a 'sun/nio/fs/WindowsException'> (0x00000000e9b7e558) thrown at [D:\src\AOSP-openjdk-cygwin\jdk8u\hotspot\src\share\vm\prims\jni.cpp, line 709]
Event: 20148.774 Thread 0x000000001d341000 Exception <a 'java/lang/InterruptedException'> (0x00000000eca3bbe8) thrown at [D:\src\AOSP-openjdk-cygwin\jdk8u\hotspot\src\share\vm\runtime\objectMonitor.cpp, line 1684]
Event: 20150.186 Thread 0x0000000023aa7000 Exception <a 'sun/nio/fs/WindowsException'> (0x00000000e0f35490) thrown at [D:\src\AOSP-openjdk-cygwin\jdk8u\hotspot\src\share\vm\prims\jni.cpp, line 709]
Event: 20150.613 Thread 0x00000000185f9000 Exception <a 'sun/nio/fs/WindowsException'> (0x00000000e348fe38) thrown at [D:\src\AOSP-openjdk-cygwin\jdk8u\hotspot\src\share\vm\prims\jni.cpp, line 709]
Event: 20204.551 Thread 0x00000000185f9000 Exception <a 'java/lang/ClassNotFoundException': sync_local_repo2262_1vjviskzyz5zpitesxy006b4tBeanInfo> (0x00000000e39dd830) thrown at [D:\src\AOSP-openjdk-cygwin\jdk8u\hotspot\src\share\vm\classfile\systemDictionary.cpp, line 210]
Event: 20204.551 Thread 0x00000000185f9000 Exception <a 'java/lang/ClassNotFoundException': sync_local_repo2262_1vjviskzyz5zpitesxy006b4tCustomizer> (0x00000000e39e8088) thrown at [D:\src\AOSP-openjdk-cygwin\jdk8u\hotspot\src\share\vm\classfile\systemDictionary.cpp, line 210]

Events (10 events):
Event: 20204.576 Thread 0x00000000182c3000 flushing nmethod 0x00000000061db550
Event: 20204.577 Thread 0x00000000182c3000 flushing nmethod 0x00000000061dc950
Event: 20204.577 Thread 0x00000000182c3000 flushing nmethod 0x00000000061e60d0
Event: 20204.577 Thread 0x00000000182c3000 flushing nmethod 0x00000000061ee610
Event: 20204.577 Thread 0x00000000182c3000 flushing nmethod 0x00000000061f0890
Event: 20204.577 loading class groovy/runtime/metaclass/sync_local_repo2262_1vjviskzyz5zpitesxy006b4t$_run_closure1$_closure3MetaClass
Event: 20204.577 loading class groovy/runtime/metaclass/sync_local_repo2262_1vjviskzyz5zpitesxy006b4t$_run_closure1$_closure3MetaClass done
Event: 20204.578 loading class groovy/runtime/metaclass/sync_local_repo2262_1vjviskzyz5zpitesxy006b4t$_run_closure1$_closure3$_closure6MetaClass
Event: 20204.578 loading class groovy/runtime/metaclass/sync_local_repo2262_1vjviskzyz5zpitesxy006b4t$_run_closure1$_closure3$_closure6MetaClass done
Event: 20204.581 Thread 0x000000001d336800 Thread added: 0x000000001d336800


Dynamic libraries:
0x00007ff79f910000 - 0x00007ff79f941000 	C:\Program Files\Android\Android Studio\jre\bin\java.exe
0x00007ffad8740000 - 0x00007ffad8921000 	C:\WINDOWS\SYSTEM32\ntdll.dll
0x00007ffad6390000 - 0x00007ffad6442000 	C:\WINDOWS\System32\KERNEL32.DLL
0x00007ffad4b10000 - 0x00007ffad4d83000 	C:\WINDOWS\System32\KERNELBASE.dll
0x00007ffad5ee0000 - 0x00007ffad5f81000 	C:\WINDOWS\System32\ADVAPI32.dll
0x00007ffad84e0000 - 0x00007ffad857e000 	C:\WINDOWS\System32\msvcrt.dll
0x00007ffad8300000 - 0x00007ffad835b000 	C:\WINDOWS\System32\sechost.dll
0x00007ffad6080000 - 0x00007ffad61a4000 	C:\WINDOWS\System32\RPCRT4.dll
0x00007ffad8580000 - 0x00007ffad8710000 	C:\WINDOWS\System32\USER32.dll
0x00007ffad5100000 - 0x00007ffad5120000 	C:\WINDOWS\System32\win32u.dll
0x00007ffad5eb0000 - 0x00007ffad5ed8000 	C:\WINDOWS\System32\GDI32.dll
0x00007ffad4f60000 - 0x00007ffad50f2000 	C:\WINDOWS\System32\gdi32full.dll
0x00007ffad4e40000 - 0x00007ffad4edf000 	C:\WINDOWS\System32\msvcp_win.dll
0x00007ffad5120000 - 0x00007ffad521a000 	C:\WINDOWS\System32\ucrtbase.dll
0x00007ffacbbe0000 - 0x00007ffacbe49000 	C:\WINDOWS\WinSxS\amd64_microsoft.windows.common-controls_6595b64144ccf1df_6.0.17134.228_none_fb4599993062b194\COMCTL32.dll
0x00007ffad6ad0000 - 0x00007ffad6df3000 	C:\WINDOWS\System32\combase.dll
0x00007ffad4ee0000 - 0x00007ffad4f5a000 	C:\WINDOWS\System32\bcryptPrimitives.dll
0x00007ffad5bd0000 - 0x00007ffad5bfd000 	C:\WINDOWS\System32\IMM32.DLL
0x0000000058f70000 - 0x0000000059042000 	C:\Program Files\Android\Android Studio\jre\jre\bin\msvcr100.dll
0x0000000057c30000 - 0x000000005846e000 	C:\Program Files\Android\Android Studio\jre\jre\bin\server\jvm.dll
0x00007ffad82f0000 - 0x00007ffad82f8000 	C:\WINDOWS\System32\PSAPI.DLL
0x00007ffac3ee0000 - 0x00007ffac3ee9000 	C:\WINDOWS\SYSTEM32\WSOCK32.dll
0x00007ffad20f0000 - 0x00007ffad2113000 	C:\WINDOWS\SYSTEM32\WINMM.dll
0x00007fface670000 - 0x00007fface67a000 	C:\WINDOWS\SYSTEM32\VERSION.dll
0x00007ffad6320000 - 0x00007ffad638c000 	C:\WINDOWS\System32\WS2_32.dll
0x00007ffad20c0000 - 0x00007ffad20ea000 	C:\WINDOWS\SYSTEM32\WINMMBASE.dll
0x00007ffad4df0000 - 0x00007ffad4e39000 	C:\WINDOWS\System32\cfgmgr32.dll
0x00007ffabf540000 - 0x00007ffabf54f000 	C:\Program Files\Android\Android Studio\jre\jre\bin\verify.dll
0x00007ffaba220000 - 0x00007ffaba249000 	C:\Program Files\Android\Android Studio\jre\jre\bin\java.dll
0x00007ffabbfe0000 - 0x00007ffabbff6000 	C:\Program Files\Android\Android Studio\jre\jre\bin\zip.dll
0x00007ffad6ea0000 - 0x00007ffad82e0000 	C:\WINDOWS\System32\SHELL32.dll
0x00007ffad5c60000 - 0x00007ffad5d09000 	C:\WINDOWS\System32\shcore.dll
0x00007ffad52d0000 - 0x00007ffad59dd000 	C:\WINDOWS\System32\windows.storage.dll
0x00007ffad62c0000 - 0x00007ffad6311000 	C:\WINDOWS\System32\shlwapi.dll
0x00007ffad4ab0000 - 0x00007ffad4ac1000 	C:\WINDOWS\System32\kernel.appcore.dll
0x00007ffad4af0000 - 0x00007ffad4b0f000 	C:\WINDOWS\System32\profapi.dll
0x00007ffad4a60000 - 0x00007ffad4aac000 	C:\WINDOWS\System32\powrprof.dll
0x00007ffad4a50000 - 0x00007ffad4a5a000 	C:\WINDOWS\System32\FLTLIB.DLL
0x00007ffab9140000 - 0x00007ffab915a000 	C:\Program Files\Android\Android Studio\jre\jre\bin\net.dll
0x00007ffad42d0000 - 0x00007ffad4336000 	C:\WINDOWS\system32\mswsock.dll
0x00007ffab8ae0000 - 0x00007ffab8af1000 	C:\Program Files\Android\Android Studio\jre\jre\bin\nio.dll
0x00007ffab8d10000 - 0x00007ffab8d2e000 	C:\Users\ASUS\.gradle\native\25\windows-amd64\native-platform.dll
0x00007ffabef00000 - 0x00007ffabef0d000 	C:\Program Files\Android\Android Studio\jre\jre\bin\management.dll
0x00007ffad4480000 - 0x00007ffad4497000 	C:\WINDOWS\SYSTEM32\CRYPTSP.dll
0x00007ffad3e50000 - 0x00007ffad3e83000 	C:\WINDOWS\system32\rsaenh.dll
0x00007ffad45b0000 - 0x00007ffad45d5000 	C:\WINDOWS\SYSTEM32\bcrypt.dll
0x00007ffad4950000 - 0x00007ffad4978000 	C:\WINDOWS\SYSTEM32\USERENV.dll
0x00007ffad44a0000 - 0x00007ffad44ab000 	C:\WINDOWS\SYSTEM32\CRYPTBASE.dll
0x00007ffad3ff0000 - 0x00007ffad4028000 	C:\WINDOWS\SYSTEM32\IPHLPAPI.DLL
0x00007ffad82e0000 - 0x00007ffad82e8000 	C:\WINDOWS\System32\NSI.dll
0x00007ffacda60000 - 0x00007ffacda76000 	C:\WINDOWS\SYSTEM32\dhcpcsvc6.DLL
0x00007ffacd7e0000 - 0x00007ffacd7fa000 	C:\WINDOWS\SYSTEM32\dhcpcsvc.DLL
0x00007ffad3b10000 - 0x00007ffad3b41000 	C:\WINDOWS\SYSTEM32\ntmarta.dll
0x00007ffabd440000 - 0x00007ffabd464000 	C:\Program Files\Android\Android Studio\jre\jre\bin\sunec.dll
0x00007ffad4030000 - 0x00007ffad40ee000 	C:\WINDOWS\SYSTEM32\DNSAPI.dll
0x00007ffacc380000 - 0x00007ffacc38a000 	C:\Windows\System32\rasadhlp.dll
0x00007ffac9090000 - 0x00007ffac9102000 	C:\WINDOWS\System32\fwpuclnt.dll
0x00007ffacc340000 - 0x00007ffacc34b000 	C:\Program Files\Android\Android Studio\jre\jre\bin\sunmscapi.dll
0x00007ffad59e0000 - 0x00007ffad5bc2000 	C:\WINDOWS\System32\CRYPT32.dll
0x00007ffad4ad0000 - 0x00007ffad4ae2000 	C:\WINDOWS\System32\MSASN1.dll
0x00007ffacab40000 - 0x00007ffacab5e000 	C:\Users\ASUS\AppData\Local\Temp\native-platform7710478191456375404dir\native-platform.dll
0x00007ffac3400000 - 0x00007ffac35c9000 	C:\WINDOWS\SYSTEM32\dbghelp.dll

VM Arguments:
jvm_args: -Xmx1536m -Dfile.encoding=x-windows-874 -Duser.country=US -Duser.language=en -Duser.variant 
java_command: org.gradle.launcher.daemon.bootstrap.GradleDaemon 4.1
java_class_path (initial): C:\Program Files\Android\Android Studio\gradle\gradle-4.1\lib\gradle-launcher-4.1.jar
Launcher Type: SUN_STANDARD

Environment Variables:
PATH=C:\ProgramData\Oracle\Java\javapath;C:\WINDOWS\system32;C:\WINDOWS;C:\WINDOWS\System32\Wbem;C:\WINDOWS\System32\WindowsPowerShell\v1.0\;C:\Program Files\Calibre2\;C:\Program Files\Java\jre-9.0.4\bin;C:\Program Files\Java\jdk1.8.0_161\bin;C:\Program Files (x86)\mingw-w64\i686-7.2.0-posix-dwarf-rt_v5-rev1\mingw32\bin;C:\Program Files\CMake\bin;C:\opencv\build\x64;C:\Program Files (x86)\Gpg4win\..\GnuPG\bin;C:\Program Files\Java\jdk\bin;C:\Program Files (x86)\MySQL\MySQL Utilities 1.6\;C:\WINDOWS\System32\OpenSSH\;C:\Python27;C:\ProgramData\chocolatey\bin;C:\Program Files\Git\cmd;C:\Program Files\nodejs\;C:\Users\ASUS\AppData\Local\Microsoft\WindowsApps;C:\Program Files\Microsoft VS Code\bin;C:\Program Files\Java\jre-9.0.4\bin;C:\Program Files (x86)\Nmap;C:\Users\ASUS\AppData\Roaming\npm;C:\Program Files\Docker Toolbox
USERNAME=Narupak
OS=Windows_NT
PROCESSOR_IDENTIFIER=Intel64 Family 6 Model 60 Stepping 3, GenuineIntel



---------------  S Y S T E M  ---------------

OS: Windows 10.0 , 64 bit Build 17134 (10.0.17134.1)

CPU:total 8 (initial active 8) (4 cores per cpu, 2 threads per core) family 6 model 60 stepping 3, cmov, cx8, fxsr, mmx, sse, sse2, sse3, ssse3, sse4.1, sse4.2, popcnt, avx, avx2, aes, clmul, erms, lzcnt, ht, tsc, tscinvbit, bmi1, bmi2

Memory: 4k page, physical 8274824k(1142668k free), swap 16816280k(5239212k free)

vm_info: OpenJDK 64-Bit Server VM (25.152-b01) for windows-amd64 JRE (1.8.0_152-release-915-b01), built by "builder" with MS VC++ 10.0 (VS2010)

time: Thu Sep 06 13:47:53 2018
elapsed time: 20204 seconds (0d 5h 36m 44s)

